<?xml version="1.0" encoding="UTF-8"?>
<!-- Generated by org.testng.reporters.JUnitReportReporter -->
<testsuite skipped="0" hostname="DESKTOP-9O9S1LF" name="com.crm.contacts.CreateContactsAndVerifyTest" tests="1" failures="0" timestamp="17 Jun 2022 23:15:32 GMT" time="25.882" errors="0">
  <testcase name="createContactAndVerifyTest" time="25.882" classname="com.crm.contacts.CreateContactsAndVerifyTest"/>
</testsuite> <!-- com.crm.contacts.CreateContactsAndVerifyTest -->
