<?xml version="1.0" encoding="UTF-8"?>
<!-- Generated by org.testng.reporters.JUnitReportReporter -->
<testsuite hostname="DESKTOP-9O9S1LF" failures="0" tests="1" name="com.crm.contacts.CreateContactsWithOrginizationAndVerifyTest" time="35.606" errors="0" timestamp="2022-06-17T09:05:00 IST" skipped="0">
  <testcase classname="com.crm.contacts.CreateContactsWithOrginizationAndVerifyTest" name="createContactsWithOrginizationAndVerifyTest" time="35.606"/>
  <system-out/>
</testsuite> <!-- com.crm.contacts.CreateContactsWithOrginizationAndVerifyTest -->
