<?xml version="1.0" encoding="UTF-8"?>
<!-- Generated by org.testng.reporters.JUnitReportReporter -->
<testsuite hostname="DESKTOP-9O9S1LF" failures="0" tests="1" name="com.crm.purchase.CreatePurchaseOrderSelectMarketingGroup23Test" time="14.032" errors="0" timestamp="2022-06-11T15:12:45 IST" skipped="0">
  <testcase classname="com.crm.purchase.CreatePurchaseOrderSelectMarketingGroup23Test" name="createPurchaseOrderSelectMarketingGroupTest" time="14.032"/>
  <system-out/>
</testsuite> <!-- com.crm.purchase.CreatePurchaseOrderSelectMarketingGroup23Test -->
