<?xml version="1.0" encoding="UTF-8"?>
<!-- Generated by org.testng.reporters.JUnitReportReporter -->
<testsuite hostname="DESKTOP-9O9S1LF" failures="0" tests="1" name="com.crm.orginization.CreateOrginizationAndVerifyTest" time="22.106" errors="0" timestamp="2022-06-13T11:12:35 IST" skipped="0">
  <testcase classname="com.crm.orginization.CreateOrginizationAndVerifyTest" name="createOrginizationAndVerifyTest" time="22.106"/>
  <system-out/>
</testsuite> <!-- com.crm.orginization.CreateOrginizationAndVerifyTest -->
