<?xml version="1.0" encoding="UTF-8"?>
<!-- Generated by org.testng.reporters.JUnitReportReporter -->
<testsuite hostname="DESKTOP-9O9S1LF" failures="0" tests="1" name="com.crm.purchase.CreatePurchaseOrderSelectTeamSelling25Test" time="13.783" errors="0" timestamp="2022-06-11T15:14:40 IST" skipped="0">
  <testcase classname="com.crm.purchase.CreatePurchaseOrderSelectTeamSelling25Test" name="createPurchaseOrderSelectTeamSellingTest" time="13.783"/>
  <system-out/>
</testsuite> <!-- com.crm.purchase.CreatePurchaseOrderSelectTeamSelling25Test -->
