<?xml version="1.0" encoding="UTF-8"?>
<!-- Generated by org.testng.reporters.JUnitReportReporter -->
<testsuite hostname="DESKTOP-9O9S1LF" failures="0" tests="1" name="com.crm.contacts.CreateContactsAndVerifyTest" time="30.808" errors="0" timestamp="2022-06-18T04:21:50 IST" skipped="0">
  <testcase classname="com.crm.contacts.CreateContactsAndVerifyTest" name="createContactAndVerifyTest" time="30.808"/>
  <system-out/>
</testsuite> <!-- com.crm.contacts.CreateContactsAndVerifyTest -->
