<?xml version="1.0" encoding="UTF-8"?>
<!-- Generated by org.testng.reporters.JUnitReportReporter -->
<testsuite hostname="DESKTOP-9O9S1LF" failures="0" tests="1" name="com.crm.purchase.CreatePurchaseOrderSelectSupportGroup24Test" time="14.732" errors="0" timestamp="2022-06-11T15:07:11 IST" skipped="0">
  <testcase classname="com.crm.purchase.CreatePurchaseOrderSelectSupportGroup24Test" name="createPurchaseOrderSelectSupportGroupTest" time="14.732"/>
  <system-out/>
</testsuite> <!-- com.crm.purchase.CreatePurchaseOrderSelectSupportGroup24Test -->
