<?xml version="1.0" encoding="UTF-8"?>
<!-- Generated by org.testng.reporters.JUnitReportReporter -->
<testsuite hostname="DESKTOP-9O9S1LF" failures="0" tests="1" name="com.crm.contacts.SelectContactsAndSendEmail" time="79.146" errors="0" timestamp="2022-06-13T05:12:37 IST" skipped="0">
  <testcase classname="com.crm.contacts.SelectContactsAndSendEmail" name="selectContactsAndSendEmail" time="79.146"/>
  <system-out/>
</testsuite> <!-- com.crm.contacts.SelectContactsAndSendEmail -->
